[ 2017-07-10T21:09:28+08:00 ] ::1 /myadmin/admin
INFO: [ app_init ] --START--
INFO: Run Behavior\BuildLiteBehavior [ RunTime:0.000022s ]
INFO: [ app_init ] --END-- [ RunTime:0.000676s ]
INFO: [ app_begin ] --START--
INFO: Run Behavior\ReadHtmlCacheBehavior [ RunTime:0.000747s ]
INFO: [ app_begin ] --END-- [ RunTime:0.000868s ]

[ 2017-07-10T21:09:28+08:00 ] ::1 /myadmin/index.php/Admin/Login/index.html
INFO: [ app_init ] --START--
INFO: Run Behavior\BuildLiteBehavior [ RunTime:0.000022s ]
INFO: [ app_init ] --END-- [ RunTime:0.000628s ]
INFO: [ app_begin ] --START--
INFO: Run Behavior\ReadHtmlCacheBehavior [ RunTime:0.000631s ]
INFO: [ app_begin ] --END-- [ RunTime:0.000730s ]
INFO: [ view_parse ] --START--
INFO: [ template_filter ] --START--
INFO: Run Behavior\ContentReplaceBehavior [ RunTime:0.001003s ]
INFO: [ template_filter ] --END-- [ RunTime:0.001095s ]
INFO: Run Behavior\ParseTemplateBehavior [ RunTime:0.008733s ]
INFO: [ view_parse ] --END-- [ RunTime:0.008845s ]
INFO: [ view_filter ] --START--
INFO: Run Behavior\WriteHtmlCacheBehavior [ RunTime:0.000545s ]
INFO: [ view_filter ] --END-- [ RunTime:0.000664s ]
INFO: [ app_end ] --START--
INFO: Run Behavior\ShowPageTraceBehavior [ RunTime:0.000700s ]
INFO: [ app_end ] --END-- [ RunTime:0.000836s ]

[ 2017-07-10T21:09:34+08:00 ] ::1 /myadmin/index.php/Admin/Login/cheklogin.html
INFO: [ app_init ] --START--
INFO: Run Behavior\BuildLiteBehavior [ RunTime:0.000023s ]
INFO: [ app_init ] --END-- [ RunTime:0.000683s ]
INFO: [ app_begin ] --START--
INFO: Run Behavior\ReadHtmlCacheBehavior [ RunTime:0.000817s ]
INFO: [ app_begin ] --END-- [ RunTime:0.000902s ]
SQL: SHOW COLUMNS FROM `cx_ad_user` [ RunTime:0.0068s ]
SQL: SELECT * FROM `cx_ad_user` WHERE `ad_user` = 'admin' LIMIT 1   [ RunTime:0.0004s ]
NOTIC: [8] Undefined index: username D:\wamp\wamp\www\myadmin\Application\Common\Common\function.php 第 26 行.
NOTIC: [8] Undefined index: password D:\wamp\wamp\www\myadmin\Application\Common\Common\function.php 第 26 行.
NOTIC: [8] Use of undefined constant UC_KEY - assumed 'UC_KEY' D:\wamp\wamp\www\myadmin\Application\Common\Common\function.php 第 32 行.
SQL: SHOW COLUMNS FROM `cx_action` [ RunTime:0.0060s ]
SQL: SELECT * FROM `cx_action` WHERE `name` = 'user_login' LIMIT 1   [ RunTime:0.0005s ]
SQL: SELECT `ad_user` FROM `cx_ad_user` WHERE `id` = 1 LIMIT 1   [ RunTime:0.0003s ]
SQL: SHOW COLUMNS FROM `cx_action_log` [ RunTime:0.0069s ]
SQL: INSERT INTO `cx_action_log` (`action_id`,`user_id`,`action_ip`,`model`,`record_id`,`create_time`,`remark`) VALUES ('1','1','0','member','1','1499692174','admin在2017-07-10 21:09登录了后台') [ RunTime:0.0008s ]

[ 2017-07-10T21:09:36+08:00 ] ::1 /myadmin/index.php/Admin/Index/index.html
INFO: [ app_init ] --START--
INFO: Run Behavior\BuildLiteBehavior [ RunTime:0.000038s ]
INFO: [ app_init ] --END-- [ RunTime:0.001034s ]
INFO: [ app_begin ] --START--
INFO: Run Behavior\ReadHtmlCacheBehavior [ RunTime:0.001080s ]
INFO: [ app_begin ] --END-- [ RunTime:0.001257s ]
NOTIC: [8] Use of undefined constant UC_KEY - assumed 'UC_KEY' D:\wamp\wamp\www\myadmin\Application\Common\Common\function.php 第 32 行.
SQL: SHOW COLUMNS FROM `cx_ad_user` [ RunTime:0.0064s ]
SQL: SELECT * FROM `cx_ad_user` WHERE `id` = 1 LIMIT 1   [ RunTime:0.0004s ]
NOTIC: [8] Undefined index: password D:\wamp\wamp\www\myadmin\Application\Common\Common\function.php 第 93 行.
INFO: [ view_parse ] --START--
INFO: [ template_filter ] --START--
INFO: Run Behavior\ContentReplaceBehavior [ RunTime:0.000240s ]
INFO: [ template_filter ] --END-- [ RunTime:0.000338s ]
INFO: Run Behavior\ParseTemplateBehavior [ RunTime:0.018224s ]
INFO: [ view_parse ] --END-- [ RunTime:0.018326s ]
INFO: [ view_filter ] --START--
INFO: Run Behavior\WriteHtmlCacheBehavior [ RunTime:0.001003s ]
INFO: [ view_filter ] --END-- [ RunTime:0.001091s ]
INFO: [ app_end ] --START--
INFO: Run Behavior\ShowPageTraceBehavior [ RunTime:0.001280s ]
INFO: [ app_end ] --END-- [ RunTime:0.001435s ]

[ 2017-07-10T21:09:36+08:00 ] ::1 /myadmin/index.php/Admin/Index/index_v1.html
INFO: [ app_init ] --START--
INFO: Run Behavior\BuildLiteBehavior [ RunTime:0.000024s ]
INFO: [ app_init ] --END-- [ RunTime:0.000685s ]
INFO: [ app_begin ] --START--
INFO: Run Behavior\ReadHtmlCacheBehavior [ RunTime:0.000677s ]
INFO: [ app_begin ] --END-- [ RunTime:0.000784s ]
NOTIC: [8] Use of undefined constant UC_KEY - assumed 'UC_KEY' D:\wamp\wamp\www\myadmin\Application\Common\Common\function.php 第 32 行.
SQL: SHOW COLUMNS FROM `cx_ad_user` [ RunTime:0.0048s ]
SQL: SELECT * FROM `cx_ad_user` WHERE `id` = 1 LIMIT 1   [ RunTime:0.0003s ]
NOTIC: [8] Undefined index: password D:\wamp\wamp\www\myadmin\Application\Common\Common\function.php 第 93 行.
INFO: [ view_parse ] --START--
INFO: [ template_filter ] --START--
INFO: Run Behavior\ContentReplaceBehavior [ RunTime:0.000089s ]
INFO: [ template_filter ] --END-- [ RunTime:0.000189s ]
NOTIC: [8] Undefined variable: newtime D:\wamp\wamp\www\myadmin\Application\Runtime\Cache\Admin\ceb53ba169c2f2beebc1e001751ae959.php 第 122 行.
INFO: Run Behavior\ParseTemplateBehavior [ RunTime:0.008144s ]
INFO: [ view_parse ] --END-- [ RunTime:0.008248s ]
INFO: [ view_filter ] --START--
INFO: Run Behavior\WriteHtmlCacheBehavior [ RunTime:0.000412s ]
INFO: [ view_filter ] --END-- [ RunTime:0.000502s ]
INFO: [ app_end ] --START--
INFO: Run Behavior\ShowPageTraceBehavior [ RunTime:0.000597s ]
INFO: [ app_end ] --END-- [ RunTime:0.000690s ]

[ 2017-07-10T21:09:36+08:00 ] ::1 /myadmin/index.php/Admin/Index/index_v1.html
INFO: [ app_init ] --START--
INFO: Run Behavior\BuildLiteBehavior [ RunTime:0.000022s ]
INFO: [ app_init ] --END-- [ RunTime:0.000538s ]
INFO: [ app_begin ] --START--
INFO: Run Behavior\ReadHtmlCacheBehavior [ RunTime:0.000554s ]
INFO: [ app_begin ] --END-- [ RunTime:0.000654s ]
NOTIC: [8] Use of undefined constant UC_KEY - assumed 'UC_KEY' D:\wamp\wamp\www\myadmin\Application\Common\Common\function.php 第 32 行.
SQL: SHOW COLUMNS FROM `cx_ad_user` [ RunTime:0.0043s ]
SQL: SELECT * FROM `cx_ad_user` WHERE `id` = 1 LIMIT 1   [ RunTime:0.0003s ]
NOTIC: [8] Undefined index: password D:\wamp\wamp\www\myadmin\Application\Common\Common\function.php 第 93 行.
INFO: [ view_parse ] --START--
INFO: [ template_filter ] --START--
INFO: Run Behavior\ContentReplaceBehavior [ RunTime:0.000090s ]
INFO: [ template_filter ] --END-- [ RunTime:0.000191s ]
NOTIC: [8] Undefined variable: newtime D:\wamp\wamp\www\myadmin\Application\Runtime\Cache\Admin\ceb53ba169c2f2beebc1e001751ae959.php 第 122 行.
INFO: Run Behavior\ParseTemplateBehavior [ RunTime:0.008006s ]
INFO: [ view_parse ] --END-- [ RunTime:0.008116s ]
INFO: [ view_filter ] --START--
INFO: Run Behavior\WriteHtmlCacheBehavior [ RunTime:0.000413s ]
INFO: [ view_filter ] --END-- [ RunTime:0.000504s ]
INFO: [ app_end ] --START--
INFO: Run Behavior\ShowPageTraceBehavior [ RunTime:0.000582s ]
INFO: [ app_end ] --END-- [ RunTime:0.000675s ]

[ 2017-07-10T21:09:37+08:00 ] ::1 /myadmin/index.php/Admin/Index/favicon.ico
INFO: [ app_init ] --START--
INFO: Run Behavior\BuildLiteBehavior [ RunTime:0.000024s ]
INFO: [ app_init ] --END-- [ RunTime:0.000609s ]

[ 2017-07-10T21:09:39+08:00 ] ::1 /myadmin/index.php/Admin/Index/index.html
INFO: [ app_init ] --START--
INFO: Run Behavior\BuildLiteBehavior [ RunTime:0.000023s ]
INFO: [ app_init ] --END-- [ RunTime:0.000628s ]
INFO: [ app_begin ] --START--
INFO: Run Behavior\ReadHtmlCacheBehavior [ RunTime:0.000843s ]
INFO: [ app_begin ] --END-- [ RunTime:0.000943s ]
NOTIC: [8] Use of undefined constant UC_KEY - assumed 'UC_KEY' D:\wamp\wamp\www\myadmin\Application\Common\Common\function.php 第 32 行.
SQL: SHOW COLUMNS FROM `cx_ad_user` [ RunTime:0.0062s ]
SQL: SELECT * FROM `cx_ad_user` WHERE `id` = 1 LIMIT 1   [ RunTime:0.0002s ]
NOTIC: [8] Undefined index: password D:\wamp\wamp\www\myadmin\Application\Common\Common\function.php 第 93 行.
INFO: [ view_parse ] --START--
INFO: [ template_filter ] --START--
INFO: Run Behavior\ContentReplaceBehavior [ RunTime:0.000240s ]
INFO: [ template_filter ] --END-- [ RunTime:0.000341s ]
INFO: Run Behavior\ParseTemplateBehavior [ RunTime:0.016718s ]
INFO: [ view_parse ] --END-- [ RunTime:0.016849s ]
INFO: [ view_filter ] --START--
INFO: Run Behavior\WriteHtmlCacheBehavior [ RunTime:0.000717s ]
INFO: [ view_filter ] --END-- [ RunTime:0.000803s ]
INFO: [ app_end ] --START--
INFO: Run Behavior\ShowPageTraceBehavior [ RunTime:0.001199s ]
INFO: [ app_end ] --END-- [ RunTime:0.001428s ]

[ 2017-07-10T21:09:39+08:00 ] ::1 /myadmin/index.php/Admin/Index/index_v1.html
INFO: [ app_init ] --START--
INFO: Run Behavior\BuildLiteBehavior [ RunTime:0.000024s ]
INFO: [ app_init ] --END-- [ RunTime:0.000550s ]
INFO: [ app_begin ] --START--
INFO: Run Behavior\ReadHtmlCacheBehavior [ RunTime:0.000594s ]
INFO: [ app_begin ] --END-- [ RunTime:0.000724s ]
NOTIC: [8] Use of undefined constant UC_KEY - assumed 'UC_KEY' D:\wamp\wamp\www\myadmin\Application\Common\Common\function.php 第 32 行.
SQL: SHOW COLUMNS FROM `cx_ad_user` [ RunTime:0.0047s ]
SQL: SELECT * FROM `cx_ad_user` WHERE `id` = 1 LIMIT 1   [ RunTime:0.0003s ]
NOTIC: [8] Undefined index: password D:\wamp\wamp\www\myadmin\Application\Common\Common\function.php 第 93 行.
INFO: [ view_parse ] --START--
INFO: [ template_filter ] --START--
INFO: Run Behavior\ContentReplaceBehavior [ RunTime:0.000102s ]
INFO: [ template_filter ] --END-- [ RunTime:0.000212s ]
NOTIC: [8] Undefined variable: newtime D:\wamp\wamp\www\myadmin\Application\Runtime\Cache\Admin\ceb53ba169c2f2beebc1e001751ae959.php 第 122 行.
INFO: Run Behavior\ParseTemplateBehavior [ RunTime:0.010405s ]
INFO: [ view_parse ] --END-- [ RunTime:0.010672s ]
INFO: [ view_filter ] --START--
INFO: Run Behavior\WriteHtmlCacheBehavior [ RunTime:0.001203s ]
INFO: [ view_filter ] --END-- [ RunTime:0.001338s ]
INFO: [ app_end ] --START--
INFO: Run Behavior\ShowPageTraceBehavior [ RunTime:0.001749s ]
INFO: [ app_end ] --END-- [ RunTime:0.001883s ]

[ 2017-07-10T21:09:39+08:00 ] ::1 /myadmin/index.php/Admin/Index/index_v1.html
INFO: [ app_init ] --START--
INFO: Run Behavior\BuildLiteBehavior [ RunTime:0.000046s ]
INFO: [ app_init ] --END-- [ RunTime:0.000618s ]
INFO: [ app_begin ] --START--
INFO: Run Behavior\ReadHtmlCacheBehavior [ RunTime:0.000991s ]
INFO: [ app_begin ] --END-- [ RunTime:0.001138s ]
NOTIC: [8] Use of undefined constant UC_KEY - assumed 'UC_KEY' D:\wamp\wamp\www\myadmin\Application\Common\Common\function.php 第 32 行.
SQL: SHOW COLUMNS FROM `cx_ad_user` [ RunTime:0.0045s ]
SQL: SELECT * FROM `cx_ad_user` WHERE `id` = 1 LIMIT 1   [ RunTime:0.0003s ]
NOTIC: [8] Undefined index: password D:\wamp\wamp\www\myadmin\Application\Common\Common\function.php 第 93 行.
INFO: [ view_parse ] --START--
INFO: [ template_filter ] --START--
INFO: Run Behavior\ContentReplaceBehavior [ RunTime:0.000089s ]
INFO: [ template_filter ] --END-- [ RunTime:0.000194s ]
NOTIC: [8] Undefined variable: newtime D:\wamp\wamp\www\myadmin\Application\Runtime\Cache\Admin\ceb53ba169c2f2beebc1e001751ae959.php 第 122 行.
INFO: Run Behavior\ParseTemplateBehavior [ RunTime:0.008216s ]
INFO: [ view_parse ] --END-- [ RunTime:0.008324s ]
INFO: [ view_filter ] --START--
INFO: Run Behavior\WriteHtmlCacheBehavior [ RunTime:0.000795s ]
INFO: [ view_filter ] --END-- [ RunTime:0.000892s ]
INFO: [ app_end ] --START--
INFO: Run Behavior\ShowPageTraceBehavior [ RunTime:0.000957s ]
INFO: [ app_end ] --END-- [ RunTime:0.001056s ]

[ 2017-07-10T21:09:39+08:00 ] ::1 /myadmin/index.php/Admin/Action/index.html
INFO: [ app_init ] --START--
INFO: Run Behavior\BuildLiteBehavior [ RunTime:0.000024s ]
INFO: [ app_init ] --END-- [ RunTime:0.000573s ]
INFO: [ app_begin ] --START--
INFO: Run Behavior\ReadHtmlCacheBehavior [ RunTime:0.000606s ]
INFO: [ app_begin ] --END-- [ RunTime:0.000732s ]
NOTIC: [8] Use of undefined constant UC_KEY - assumed 'UC_KEY' D:\wamp\wamp\www\myadmin\Application\Common\Common\function.php 第 32 行.
SQL: SHOW COLUMNS FROM `cx_ad_user` [ RunTime:0.0066s ]
SQL: SELECT * FROM `cx_ad_user` WHERE `id` = 1 LIMIT 1   [ RunTime:0.0002s ]
NOTIC: [8] Undefined index: password D:\wamp\wamp\www\myadmin\Application\Common\Common\function.php 第 93 行.
SQL: SHOW COLUMNS FROM `cx_action_log` [ RunTime:0.0052s ]
SQL: SELECT cx_action_log.*,cx_ad_user.ad_user FROM `cx_action_log` INNER JOIN cx_ad_user on cx_action_log.user_id=cx_ad_user.id   [ RunTime:0.0011s ]
INFO: [ view_parse ] --START--
INFO: [ template_filter ] --START--
INFO: Run Behavior\ContentReplaceBehavior [ RunTime:0.000077s ]
INFO: [ template_filter ] --END-- [ RunTime:0.000172s ]
INFO: Run Behavior\ParseTemplateBehavior [ RunTime:0.009782s ]
INFO: [ view_parse ] --END-- [ RunTime:0.009880s ]
INFO: [ view_filter ] --START--
INFO: Run Behavior\WriteHtmlCacheBehavior [ RunTime:0.000963s ]
INFO: [ view_filter ] --END-- [ RunTime:0.001094s ]
INFO: [ app_end ] --START--
INFO: Run Behavior\ShowPageTraceBehavior [ RunTime:0.001384s ]
INFO: [ app_end ] --END-- [ RunTime:0.001508s ]

